0 info it worked if it ends with ok
1 verbose cli [ 'node', '/usr/local/bin/npm', 'publish', './' ]
2 info using npm@1.4.28
3 info using node@v0.10.35
4 verbose publish [ './' ]
5 verbose cache add [ './', null ]
6 verbose cache add name=undefined spec="./" args=["./",null]
7 verbose parsed url { protocol: null,
7 verbose parsed url   slashes: null,
7 verbose parsed url   auth: null,
7 verbose parsed url   host: null,
7 verbose parsed url   port: null,
7 verbose parsed url   hostname: null,
7 verbose parsed url   hash: null,
7 verbose parsed url   search: null,
7 verbose parsed url   query: null,
7 verbose parsed url   pathname: './',
7 verbose parsed url   path: './',
7 verbose parsed url   href: './' }
8 silly lockFile 0ee6c175- ./
9 verbose lock ./ /Users/habibi/.npm/0ee6c175-.lock
10 verbose tar pack [ '/Users/habibi/.npm/rendom/1.0.0/package.tgz', './' ]
11 verbose tarball /Users/habibi/.npm/rendom/1.0.0/package.tgz
12 verbose folder ./
13 info prepublish rendom@1.0.0
14 silly lockFile 04cb2bca-tar tar://./
15 verbose lock tar://./ /Users/habibi/.npm/04cb2bca-tar.lock
16 silly lockFile de5ba5ff-ibi-npm-rendom-1-0-0-package-tgz tar:///Users/habibi/.npm/rendom/1.0.0/package.tgz
17 verbose lock tar:///Users/habibi/.npm/rendom/1.0.0/package.tgz /Users/habibi/.npm/de5ba5ff-ibi-npm-rendom-1-0-0-package-tgz.lock
18 silly lockFile 04cb2bca-tar tar://./
19 silly lockFile 04cb2bca-tar tar://./
20 silly lockFile de5ba5ff-ibi-npm-rendom-1-0-0-package-tgz tar:///Users/habibi/.npm/rendom/1.0.0/package.tgz
21 silly lockFile de5ba5ff-ibi-npm-rendom-1-0-0-package-tgz tar:///Users/habibi/.npm/rendom/1.0.0/package.tgz
22 silly lockFile fe971dce--habibi-npm-rendom-1-0-0-package /Users/habibi/.npm/rendom/1.0.0/package
23 verbose lock /Users/habibi/.npm/rendom/1.0.0/package /Users/habibi/.npm/fe971dce--habibi-npm-rendom-1-0-0-package.lock
24 silly lockFile fe971dce--habibi-npm-rendom-1-0-0-package /Users/habibi/.npm/rendom/1.0.0/package
25 silly lockFile fe971dce--habibi-npm-rendom-1-0-0-package /Users/habibi/.npm/rendom/1.0.0/package
26 silly lockFile 0ee6c175- ./
27 silly lockFile 0ee6c175- ./
28 silly publish { name: 'rendom',
28 silly publish   version: '1.0.0',
28 silly publish   author: { name: 'Hebbian' },
28 silly publish   description: 'Simple random generator',
28 silly publish   homepage: '',
28 silly publish   repository: { type: 'git', url: '' },
28 silly publish   main: './index',
28 silly publish   engines: { node: '*' },
28 silly publish   devDependencies: { mocha: '^1.20.1' },
28 silly publish   license: 'MIT',
28 silly publish   scripts: { test: 'mocha' },
28 silly publish   gitHead: '',
28 silly publish   _npmVersion: '2.7.4',
28 silly publish   _nodeVersion: '0.12.2',
28 silly publish   _npmUser: { name: 'hebbian', email: 'idiotiquehebb@gmail.com' },
28 silly publish   maintainers: [ { name: 'hebbian', email: 'hebbian' } ],
28 silly publish   directories: {},
28 silly publish   readme: '# rendom is super simple random string or number generator \n\n## Installation\n\nTo install rendom, use [npm](http://github.com/npm/npm):\n\n```\nnpm install rendom \n```\n\n## Usage\n\n```javascript\nvar rand = require("rendom");\n\nrand.generate();\n// >> "js02jDJsjjsk2i83JGOo29839"\n\nrand.generate(7);\n// >> "y5583Jf"\n```\n\n## Tests\n\n```\nnpm install\nnpm test\n```\n\n## LICENSE\n\nrendom is licensed under the MIT license.\n',
28 silly publish   readmeFilename: 'README.md',
28 silly publish   _id: 'rendom@1.0.0',
28 silly publish   _shasum: 'cb3736060c058ed18b48e57d65b98e19aca31b36',
28 silly publish   _from: './' }
29 verbose request where is /rendom
30 verbose request registry https://registry.npmjs.org/
31 verbose request id 7c69b2969e8f275f
32 verbose url raw /rendom
33 verbose url resolving [ 'https://registry.npmjs.org/', './rendom' ]
34 verbose url resolved https://registry.npmjs.org/rendom
35 verbose request where is https://registry.npmjs.org/rendom
36 info trying registry request attempt 1 at 13:53:35
37 http PUT https://registry.npmjs.org/rendom
38 http 403 https://registry.npmjs.org/rendom
39 verbose headers { 'content-type': 'application/json',
39 verbose headers   'cache-control': 'max-age=60',
39 verbose headers   'content-length': '95',
39 verbose headers   'accept-ranges': 'bytes',
39 verbose headers   date: 'Thu, 01 Oct 2015 06:53:36 GMT',
39 verbose headers   via: '1.1 varnish',
39 verbose headers   connection: 'keep-alive',
39 verbose headers   'x-served-by': 'cache-sin6927-SIN',
39 verbose headers   'x-cache': 'MISS',
39 verbose headers   'x-cache-hits': '0',
39 verbose headers   'x-timer': 'S1443682415.942720,VS0,VE464' }
40 error publish Failed PUT 403
41 error Error: "You cannot publish over the previously published version 1.0.0." : rendom
41 error     at RegClient.<anonymous> (/usr/local/lib/node_modules/npm/node_modules/npm-registry-client/lib/request.js:308:14)
41 error     at Request._callback (/usr/local/lib/node_modules/npm/node_modules/npm-registry-client/lib/request.js:246:65)
41 error     at Request.self.callback (/usr/local/lib/node_modules/npm/node_modules/request/request.js:236:22)
41 error     at Request.emit (events.js:98:17)
41 error     at Request.<anonymous> (/usr/local/lib/node_modules/npm/node_modules/request/request.js:1142:14)
41 error     at Request.emit (events.js:117:20)
41 error     at IncomingMessage.<anonymous> (/usr/local/lib/node_modules/npm/node_modules/request/request.js:1096:12)
41 error     at IncomingMessage.emit (events.js:117:20)
41 error     at _stream_readable.js:944:16
41 error     at process._tickCallback (node.js:442:13)
42 error If you need help, you may report this *entire* log,
42 error including the npm and node versions, at:
42 error     <http://github.com/npm/npm/issues>
43 error System Darwin 14.0.0
44 error command "node" "/usr/local/bin/npm" "publish" "./"
45 error cwd /Users/habibi/Development/rendom
46 error node -v v0.10.35
47 error npm -v 1.4.28
48 verbose exit [ 1, true ]
